<?xml version="1.0" encoding="UTF-8"?>
<!-- Generated by org.testng.reporters.JUnitReportReporter -->
<testsuite skipped="0" hostname="DESKTOP-G6EV3EH" name="RestAssuredAPI" tests="5" failures="0" timestamp="2020-07-28T15:06:57 IST" time="19.425" errors="0">
  <testcase name="AuthenticationRequestMethod" time="10.592" classname="RestAssuredAPI"/>
  <system-out/>
  <testcase name="getRequestMethod" time="3.060" classname="RestAssuredAPI"/>
  <system-out/>
  <testcase name="postRequestMethod" time="1.469" classname="RestAssuredAPI"/>
  <system-out/>
  <testcase name="putMethod" time="1.522" classname="RestAssuredAPI"/>
  <system-out/>
  <testcase name="DeleteMethod" time="2.782" classname="RestAssuredAPI"/>
  <system-out/>
</testsuite> <!-- RestAssuredAPI -->
