<?xml version="1.0" encoding="UTF-8"?>
<!-- Generated by org.testng.reporters.JUnitReportReporter -->
<testsuite skipped="0" hostname="DESKTOP-G6EV3EH" name="SimpleAPITest" tests="1" failures="0" timestamp="2020-07-27T11:15:43 IST" time="12.799" errors="0">
  <testcase name="AuthMethod" time="12.799" classname="SimpleAPITest"/>
  <system-out/>
</testsuite> <!-- SimpleAPITest -->
